# JRE version: OpenJDK Runtime Environment (8.0_152-b01) (build 1.8.0_152-release-915-b01)
# Java VM: OpenJDK 64-Bit Server VM (25.152-b01 mixed mode windows-amd64 compressed oops)
Heap:
 PSYoungGen      total 246272K, used 63947K [0x00000000e0000000, 0x00000000f1c80000, 0x0000000100000000)
  eden space 206336K, 30% used [0x00000000e0000000,0x00000000e3e72e20,0x00000000ec980000)
  from space 39936K, 0% used [0x00000000ef580000,0x00000000ef580000,0x00000000f1c80000)
  to   space 42496K, 0% used [0x00000000ec980000,0x00000000ec980000,0x00000000ef300000)
 ParOldGen       total 130048K, used 53257K [0x00000000a0000000, 0x00000000a7f00000, 0x00000000e0000000)
  object space 130048K, 40% used [0x00000000a0000000,0x00000000a34024f8,0x00000000a7f00000)
 Metaspace       used 78145K, capacity 83214K, committed 84440K, reserved 1122304K
  class space    used 9687K, capacity 10798K, committed 11008K, reserved 1048576K
GC Heap History (10 events):
Event: 1966.469 GC heap before
{Heap before GC invocations=73 (full 8):
 PSYoungGen      total 189440K, used 154624K [0x00000000e0000000, 0x00000000ee100000, 0x0000000100000000)
  eden space 154624K, 100% used [0x00000000e0000000,0x00000000e9700000,0x00000000e9700000)
  from space 34816K, 0% used [0x00000000ebf00000,0x00000000ebf00000,0x00000000ee100000)
  to   space 37888K, 0% used [0x00000000e9700000,0x00000000e9700000,0x00000000ebc00000)
 ParOldGen       total 130048K, used 59078K [0x00000000a0000000, 0x00000000a7f00000, 0x00000000e0000000)
  object space 130048K, 45% used [0x00000000a0000000,0x00000000a39b1818,0x00000000a7f00000)
 Metaspace       used 78148K, capacity 83190K, committed 83544K, reserved 1122304K
  class space    used 9711K, capacity 10796K, committed 10880K, reserved 1048576K
Event: 1966.501 GC heap after
Heap after GC invocations=73 (full 8):
 PSYoungGen      total 192512K, used 33990K [0x00000000e0000000, 0x00000000f0200000, 0x0000000100000000)
  eden space 154624K, 0% used [0x00000000e0000000,0x00000000e0000000,0x00000000e9700000)
  from space 37888K, 89% used [0x00000000e9700000,0x00000000eb831830,0x00000000ebc00000)
  to   space 43008K, 0% used [0x00000000ed800000,0x00000000ed800000,0x00000000f0200000)
 ParOldGen       total 130048K, used 59086K [0x00000000a0000000, 0x00000000a7f00000, 0x00000000e0000000)
  object space 130048K, 45% used [0x00000000a0000000,0x00000000a39b3818,0x00000000a7f00000)
 Metaspace       used 78148K, capacity 83190K, committed 83544K, reserved 1122304K
  class space    used 9711K, capacity 10796K, committed 10880K, reserved 1048576K
}
Event: 1967.489 GC heap before
{Heap before GC invocations=74 (full 8):
 PSYoungGen      total 192512K, used 188614K [0x00000000e0000000, 0x00000000f0200000, 0x0000000100000000)
  eden space 154624K, 100% used [0x00000000e0000000,0x00000000e9700000,0x00000000e9700000)
  from space 37888K, 89% used [0x00000000e9700000,0x00000000eb831830,0x00000000ebc00000)
  to   space 43008K, 0% used [0x00000000ed800000,0x00000000ed800000,0x00000000f0200000)
 ParOldGen       total 130048K, used 59086K [0x00000000a0000000, 0x00000000a7f00000, 0x00000000e0000000)
  object space 130048K, 45% used [0x00000000a0000000,0x00000000a39b3818,0x00000000a7f00000)
 Metaspace       used 78486K, capacity 83490K, committed 83928K, reserved 1122304K
  class space    used 9750K, capacity 10836K, committed 11008K, reserved 1048576K
Event: 1967.546 GC heap after
Heap after GC invocations=74 (full 8):
 PSYoungGen      total 220160K, used 26761K [0x00000000e0000000, 0x00000000f0800000, 0x0000000100000000)
  eden space 177152K, 0% used [0x00000000e0000000,0x00000000e0000000,0x00000000ead00000)
  from space 43008K, 62% used [0x00000000ed800000,0x00000000ef222780,0x00000000f0200000)
  to   space 44032K, 0% used [0x00000000ead00000,0x00000000ead00000,0x00000000ed800000)
 ParOldGen       total 130048K, used 92027K [0x00000000a0000000, 0x00000000a7f00000, 0x00000000e0000000)
  object space 130048K, 70% used [0x00000000a0000000,0x00000000a59dec30,0x00000000a7f00000)
 Metaspace       used 78486K, capacity 83490K, committed 83928K, reserved 1122304K
  class space    used 9750K, capacity 10836K, committed 11008K, reserved 1048576K
}
Event: 2886.962 GC heap before
{Heap before GC invocations=75 (full 8):
 PSYoungGen      total 220160K, used 203913K [0x00000000e0000000, 0x00000000f0800000, 0x0000000100000000)
  eden space 177152K, 100% used [0x00000000e0000000,0x00000000ead00000,0x00000000ead00000)
  from space 43008K, 62% used [0x00000000ed800000,0x00000000ef222780,0x00000000f0200000)
  to   space 44032K, 0% used [0x00000000ead00000,0x00000000ead00000,0x00000000ed800000)
 ParOldGen       total 130048K, used 92027K [0x00000000a0000000, 0x00000000a7f00000, 0x00000000e0000000)
  object space 130048K, 70% used [0x00000000a0000000,0x00000000a59dec30,0x00000000a7f00000)
 Metaspace       used 78635K, capacity 83750K, committed 84184K, reserved 1122304K
  class space    used 9763K, capacity 10878K, committed 11008K, reserved 1048576K
Event: 2886.982 GC heap after
Heap after GC invocations=75 (full 8):
 PSYoungGen      total 221184K, used 5569K [0x00000000e0000000, 0x00000000f2000000, 0x0000000100000000)
  eden space 177152K, 0% used [0x00000000e0000000,0x00000000e0000000,0x00000000ead00000)
  from space 44032K, 12% used [0x00000000ead00000,0x00000000eb270740,0x00000000ed800000)
  to   space 43520K, 0% used [0x00000000ef580000,0x00000000ef580000,0x00000000f2000000)
 ParOldGen       total 130048K, used 94642K [0x00000000a0000000, 0x00000000a7f00000, 0x00000000e0000000)
  object space 130048K, 72% used [0x00000000a0000000,0x00000000a5c6c960,0x00000000a7f00000)
 Metaspace       used 78635K, capacity 83750K, committed 84184K, reserved 1122304K
  class space    used 9763K, capacity 10878K, committed 11008K, reserved 1048576K
}
Event: 2928.306 GC heap before
{Heap before GC invocations=76 (full 8):
 PSYoungGen      total 221184K, used 182721K [0x00000000e0000000, 0x00000000f2000000, 0x0000000100000000)
  eden space 177152K, 100% used [0x00000000e0000000,0x00000000ead00000,0x00000000ead00000)
  from space 44032K, 12% used [0x00000000ead00000,0x00000000eb270740,0x00000000ed800000)
  to   space 43520K, 0% used [0x00000000ef580000,0x00000000ef580000,0x00000000f2000000)
 ParOldGen       total 130048K, used 94642K [0x00000000a0000000, 0x00000000a7f00000, 0x00000000e0000000)
  object space 130048K, 72% used [0x00000000a0000000,0x00000000a5c6c960,0x00000000a7f00000)
 Metaspace       used 78959K, capacity 84114K, committed 84440K, reserved 1122304K
  class space    used 9801K, capacity 10918K, committed 11008K, reserved 1048576K
Event: 2928.332 GC heap after
Heap after GC invocations=76 (full 8):
 PSYoungGen      total 246272K, used 3554K [0x00000000e0000000, 0x00000000f1c80000, 0x0000000100000000)
  eden space 206336K, 0% used [0x00000000e0000000,0x00000000e0000000,0x00000000ec980000)
  from space 39936K, 8% used [0x00000000ef580000,0x00000000ef8f89e8,0x00000000f1c80000)
  to   space 42496K, 0% used [0x00000000ec980000,0x00000000ec980000,0x00000000ef300000)
 ParOldGen       total 130048K, used 99108K [0x00000000a0000000, 0x00000000a7f00000, 0x00000000e0000000)
  object space 130048K, 76% used [0x00000000a0000000,0x00000000a60c9378,0x00000000a7f00000)
 Metaspace       used 78959K, capacity 84114K, committed 84440K, reserved 1122304K
  class space    used 9801K, capacity 10918K, committed 11008K, reserved 1048576K
}
Event: 2928.332 GC heap before
{Heap before GC invocations=77 (full 9):
 PSYoungGen      total 246272K, used 3554K [0x00000000e0000000, 0x00000000f1c80000, 0x0000000100000000)
  eden space 206336K, 0% used [0x00000000e0000000,0x00000000e0000000,0x00000000ec980000)
  from space 39936K, 8% used [0x00000000ef580000,0x00000000ef8f89e8,0x00000000f1c80000)
  to   space 42496K, 0% used [0x00000000ec980000,0x00000000ec980000,0x00000000ef300000)
 ParOldGen       total 130048K, used 99108K [0x00000000a0000000, 0x00000000a7f00000, 0x00000000e0000000)
  object space 130048K, 76% used [0x00000000a0000000,0x00000000a60c9378,0x00000000a7f00000)
 Metaspace       used 78959K, capacity 84114K, committed 84440K, reserved 1122304K
  class space    used 9801K, capacity 10918K, committed 11008K, reserved 1048576K
Event: 2928.512 GC heap after
Heap after GC invocations=77 (full 9):
 PSYoungGen      total 246272K, used 0K [0x00000000e0000000, 0x00000000f1c80000, 0x0000000100000000)
  eden space 206336K, 0% used [0x00000000e0000000,0x00000000e0000000,0x00000000ec980000)
  from space 39936K, 0% used [0x00000000ef580000,0x00000000ef580000,0x00000000f1c80000)
  to   space 42496K, 0% used [0x00000000ec980000,0x00000000ec980000,0x00000000ef300000)
 ParOldGen       total 130048K, used 53257K [0x00000000a0000000, 0x00000000a7f00000, 0x00000000e0000000)
  object space 130048K, 40% used [0x00000000a0000000,0x00000000a34024f8,0x00000000a7f00000)
 Metaspace       used 78124K, capacity 83214K, committed 84440K, reserved 1122304K
  class space    used 9686K, capacity 10798K, committed 11008K, reserved 1048576K
}

